<?xml version="1.0" encoding="UTF-8"?>
<!-- Generated by org.testng.reporters.JUnitReportReporter -->
<testsuite skipped="0" hostname="APT04-C8421N2" name="TestNGPackage.TestNgFile" tests="2" failures="0" timestamp="2019-09-06T14:36:48 IST" time="24.157" errors="0">
  <testcase name="Checkbox" time="10.678" classname="TestNGPackage.TestNgFile"/>
  <testcase name="mousemovementconcept" time="13.479" classname="TestNGPackage.TestNgFile"/>
</testsuite> <!-- TestNGPackage.TestNgFile -->
