<?xml version="1.0" encoding="UTF-8"?>
<!-- Generated by org.testng.reporters.JUnitReportReporter -->
<testsuite skipped="0" hostname="APT04-C8421N2" name="TestNGPackage.dyamicdt" tests="1" failures="0" timestamp="2019-09-13T15:36:51 IST" time="9.091" errors="0">
  <testcase name="dynamicdatatable" time="9.091" classname="TestNGPackage.dyamicdt"/>
</testsuite> <!-- TestNGPackage.dyamicdt -->
