<?xml version="1.0" encoding="UTF-8"?>
<!-- Generated by org.testng.reporters.JUnitReportReporter -->
<testsuite skipped="0" hostname="APT04-C8421N2" name="TestNGPackage.FindElementsTest" tests="1" failures="0" timestamp="2020-01-24T14:08:35 IST" time="6.845" errors="0">
  <testcase name="WIndowsHandle" time="6.845" classname="TestNGPackage.FindElementsTest"/>
</testsuite> <!-- TestNGPackage.FindElementsTest -->
