<?xml version="1.0" encoding="UTF-8"?>
<!-- Generated by org.testng.reporters.JUnitReportReporter -->
<testsuite skipped="0" hostname="APT04-C8421N2" name="TestNGPackage.JSCalander" tests="1" failures="0" timestamp="2019-09-13T18:06:41 IST" time="6.323" errors="0">
  <testcase name="JsCalander" time="6.323" classname="TestNGPackage.JSCalander"/>
</testsuite> <!-- TestNGPackage.JSCalander -->
