<?xml version="1.0" encoding="UTF-8"?>
<!-- Generated by org.testng.reporters.JUnitReportReporter -->
<testsuite skipped="0" hostname="APT04-C8421N2" name="TestNGPackage.DynamicXpath" tests="1" failures="0" timestamp="2019-09-06T14:46:00 IST" time="8.256" errors="0">
  <testcase name="Dynamicxpath" time="8.256" classname="TestNGPackage.DynamicXpath"/>
</testsuite> <!-- TestNGPackage.DynamicXpath -->
